2026-06-04 19:08:38 [restartedMain] INFO  c.s.backend.BackendApplication - Starting BackendApplication using Java 21.0.11 with PID 9640 (K:\sportswear-shop\be\backend\target\classes started by DELL in K:\sportswear-shop\be)
2026-06-04 19:08:38 [restartedMain] DEBUG c.s.backend.BackendApplication - Running with Spring Boot v3.3.5, Spring v6.1.14
2026-06-04 19:08:38 [restartedMain] INFO  c.s.backend.BackendApplication - No active profile set, falling back to 1 default profile: "default"
2026-06-04 19:08:38 [restartedMain] INFO  o.s.b.d.e.DevToolsPropertyDefaultsPostProcessor - Devtools property defaults active! Set 'spring.devtools.add-properties' to 'false' to disable
2026-06-04 19:08:38 [restartedMain] INFO  o.s.b.d.e.DevToolsPropertyDefaultsPostProcessor - For additional web related logging consider setting the 'logging.level.web' property to 'DEBUG'
2026-06-04 19:08:42 [restartedMain] INFO  o.s.d.r.c.RepositoryConfigurationDelegate - Bootstrapping Spring Data JPA repositories in DEFAULT mode.
2026-06-04 19:08:42 [restartedMain] INFO  o.s.d.r.c.RepositoryConfigurationDelegate - Finished Spring Data repository scanning in 93 ms. Found 15 JPA repository interfaces.
2026-06-04 19:08:43 [restartedMain] INFO  o.s.b.w.e.tomcat.TomcatWebServer - Tomcat initialized with port 8080 (http)
2026-06-04 19:08:43 [restartedMain] INFO  o.a.catalina.core.StandardService - Starting service [Tomcat]
2026-06-04 19:08:43 [restartedMain] INFO  o.a.catalina.core.StandardEngine - Starting Servlet engine: [Apache Tomcat/10.1.31]
2026-06-04 19:08:43 [restartedMain] INFO  o.a.c.c.C.[Tomcat].[localhost].[/] - Initializing Spring embedded WebApplicationContext
2026-06-04 19:08:43 [restartedMain] INFO  o.s.b.w.s.c.ServletWebServerApplicationContext - Root WebApplicationContext: initialization completed in 4546 ms
2026-06-04 19:08:43 [restartedMain] DEBUG c.s.b.s.JwtAuthenticationFilter - Filter 'jwtAuthenticationFilter' configured for use
2026-06-04 19:08:43 [restartedMain] INFO  o.h.jpa.internal.util.LogHelper - HHH000204: Processing PersistenceUnitInfo [name: default]
2026-06-04 19:08:43 [restartedMain] INFO  org.hibernate.Version - HHH000412: Hibernate ORM core version 6.5.3.Final
2026-06-04 19:08:43 [restartedMain] INFO  o.h.c.i.RegionFactoryInitiator - HHH000026: Second-level cache disabled
2026-06-04 19:08:44 [restartedMain] INFO  o.s.o.j.p.SpringPersistenceUnitInfo - No LoadTimeWeaver setup: ignoring JPA class transformer
2026-06-04 19:08:44 [restartedMain] INFO  com.zaxxer.hikari.HikariDataSource - HikariPool-1 - Starting...
2026-06-04 19:08:44 [restartedMain] INFO  com.zaxxer.hikari.pool.HikariPool - HikariPool-1 - Added connection com.mysql.cj.jdbc.ConnectionImpl@387223e5
2026-06-04 19:08:44 [restartedMain] INFO  com.zaxxer.hikari.HikariDataSource - HikariPool-1 - Start completed.
2026-06-04 19:08:47 [restartedMain] INFO  o.h.e.t.j.p.i.JtaPlatformInitiator - HHH000489: No JTA platform available (set 'hibernate.transaction.jta.platform' to enable JTA platform integration)
2026-06-04 19:08:47 [restartedMain] DEBUG org.hibernate.SQL - 
    alter table categories 
       modify column description TEXT
2026-06-04 19:08:47 [restartedMain] DEBUG org.hibernate.SQL - 
    alter table orders 
       modify column shipping_info JSON
2026-06-04 19:08:47 [restartedMain] DEBUG org.hibernate.SQL - 
    alter table products 
       modify column description TEXT
2026-06-04 19:08:47 [restartedMain] DEBUG org.hibernate.SQL - 
    alter table products 
       add column image_url varchar(500)
2026-06-04 19:08:48 [restartedMain] INFO  o.s.o.j.LocalContainerEntityManagerFactoryBean - Initialized JPA EntityManagerFactory for persistence unit 'default'
2026-06-04 19:08:49 [restartedMain] INFO  o.s.s.c.a.a.c.InitializeUserDetailsBeanManagerConfigurer$InitializeUserDetailsManagerConfigurer - Global AuthenticationManager configured with UserDetailsService bean with name customUserDetailsService
2026-06-04 19:08:52 [restartedMain] INFO  o.s.b.d.a.OptionalLiveReloadServer - LiveReload server is running on port 35729
2026-06-04 19:08:52 [restartedMain] INFO  o.s.b.w.e.tomcat.TomcatWebServer - Tomcat started on port 8080 (http) with context path '/'
2026-06-04 19:08:52 [restartedMain] INFO  c.s.backend.BackendApplication - Started BackendApplication in 15.275 seconds (process running for 18.263)
2026-06-04 19:08:52 [restartedMain] INFO  c.s.b.initializer.DataInitializer - Khởi tạo dữ liệu mặc định...
2026-06-04 19:08:52 [restartedMain] DEBUG org.hibernate.SQL - 
    select
        r1_0.id,
        r1_0.description,
        r1_0.name 
    from
        roles r1_0 
    where
        r1_0.name=?
2026-06-04 19:08:52 [restartedMain] DEBUG org.hibernate.SQL - 
    select
        r1_0.id,
        r1_0.description,
        r1_0.name 
    from
        roles r1_0 
    where
        r1_0.name=?
2026-06-04 19:08:52 [restartedMain] DEBUG org.hibernate.SQL - 
    select
        r1_0.id,
        r1_0.description,
        r1_0.name 
    from
        roles r1_0 
    where
        r1_0.name=?
2026-06-04 19:08:52 [restartedMain] INFO  c.s.b.initializer.DataInitializer - Hoàn thành Roles - Đã tạo mới: 0
2026-06-04 19:08:52 [restartedMain] DEBUG org.hibernate.SQL - 
    select
        s1_0.id,
        s1_0.description,
        s1_0.name 
    from
        sizes s1_0 
    where
        s1_0.name=?
2026-06-04 19:08:52 [restartedMain] DEBUG org.hibernate.SQL - 
    select
        s1_0.id,
        s1_0.description,
        s1_0.name 
    from
        sizes s1_0 
    where
        s1_0.name=?
2026-06-04 19:08:52 [restartedMain] DEBUG org.hibernate.SQL - 
    select
        s1_0.id,
        s1_0.description,
        s1_0.name 
    from
        sizes s1_0 
    where
        s1_0.name=?
2026-06-04 19:08:52 [restartedMain] DEBUG org.hibernate.SQL - 
    select
        s1_0.id,
        s1_0.description,
        s1_0.name 
    from
        sizes s1_0 
    where
        s1_0.name=?
2026-06-04 19:08:52 [restartedMain] DEBUG org.hibernate.SQL - 
    select
        s1_0.id,
        s1_0.description,
        s1_0.name 
    from
        sizes s1_0 
    where
        s1_0.name=?
2026-06-04 19:08:52 [restartedMain] DEBUG org.hibernate.SQL - 
    select
        s1_0.id,
        s1_0.description,
        s1_0.name 
    from
        sizes s1_0 
    where
        s1_0.name=?
2026-06-04 19:08:52 [restartedMain] INFO  c.s.b.initializer.DataInitializer - Hoàn thành Sizes - Đã tạo mới: 0
2026-06-04 19:08:52 [restartedMain] DEBUG org.hibernate.SQL - 
    select
        os1_0.id,
        os1_0.description,
        os1_0.name 
    from
        order_statuses os1_0 
    where
        os1_0.name=?
2026-06-04 19:08:52 [restartedMain] DEBUG org.hibernate.SQL - 
    select
        os1_0.id,
        os1_0.description,
        os1_0.name 
    from
        order_statuses os1_0 
    where
        os1_0.name=?
2026-06-04 19:08:52 [restartedMain] DEBUG org.hibernate.SQL - 
    select
        os1_0.id,
        os1_0.description,
        os1_0.name 
    from
        order_statuses os1_0 
    where
        os1_0.name=?
2026-06-04 19:08:52 [restartedMain] DEBUG org.hibernate.SQL - 
    select
        os1_0.id,
        os1_0.description,
        os1_0.name 
    from
        order_statuses os1_0 
    where
        os1_0.name=?
2026-06-04 19:08:53 [restartedMain] DEBUG org.hibernate.SQL - 
    select
        os1_0.id,
        os1_0.description,
        os1_0.name 
    from
        order_statuses os1_0 
    where
        os1_0.name=?
2026-06-04 19:08:53 [restartedMain] DEBUG org.hibernate.SQL - 
    select
        os1_0.id,
        os1_0.description,
        os1_0.name 
    from
        order_statuses os1_0 
    where
        os1_0.name=?
2026-06-04 19:08:53 [restartedMain] DEBUG org.hibernate.SQL - 
    select
        os1_0.id,
        os1_0.description,
        os1_0.name 
    from
        order_statuses os1_0 
    where
        os1_0.name=?
2026-06-04 19:08:53 [restartedMain] INFO  c.s.b.initializer.DataInitializer - Hoàn thành OrderStatuses - Đã tạo mới: 0
2026-06-04 19:08:53 [restartedMain] DEBUG org.hibernate.SQL - 
    select
        pm1_0.id,
        pm1_0.description,
        pm1_0.name 
    from
        payment_methods pm1_0 
    where
        pm1_0.name=?
2026-06-04 19:08:53 [restartedMain] DEBUG org.hibernate.SQL - 
    select
        pm1_0.id,
        pm1_0.description,
        pm1_0.name 
    from
        payment_methods pm1_0 
    where
        pm1_0.name=?
2026-06-04 19:08:53 [restartedMain] DEBUG org.hibernate.SQL - 
    select
        pm1_0.id,
        pm1_0.description,
        pm1_0.name 
    from
        payment_methods pm1_0 
    where
        pm1_0.name=?
2026-06-04 19:08:53 [restartedMain] DEBUG org.hibernate.SQL - 
    select
        pm1_0.id,
        pm1_0.description,
        pm1_0.name 
    from
        payment_methods pm1_0 
    where
        pm1_0.name=?
2026-06-04 19:08:53 [restartedMain] INFO  c.s.b.initializer.DataInitializer - Hoàn thành PaymentMethods - Đã tạo mới: 0
2026-06-04 19:08:53 [restartedMain] DEBUG org.hibernate.SQL - 
    select
        ps1_0.id,
        ps1_0.description,
        ps1_0.name 
    from
        payment_statuses ps1_0 
    where
        ps1_0.name=?
2026-06-04 19:08:53 [restartedMain] DEBUG org.hibernate.SQL - 
    select
        ps1_0.id,
        ps1_0.description,
        ps1_0.name 
    from
        payment_statuses ps1_0 
    where
        ps1_0.name=?
2026-06-04 19:08:53 [restartedMain] DEBUG org.hibernate.SQL - 
    select
        ps1_0.id,
        ps1_0.description,
        ps1_0.name 
    from
        payment_statuses ps1_0 
    where
        ps1_0.name=?
2026-06-04 19:08:53 [restartedMain] DEBUG org.hibernate.SQL - 
    select
        ps1_0.id,
        ps1_0.description,
        ps1_0.name 
    from
        payment_statuses ps1_0 
    where
        ps1_0.name=?
2026-06-04 19:08:53 [restartedMain] INFO  c.s.b.initializer.DataInitializer - Hoàn thành PaymentStatuses - Đã tạo mới: 0
2026-06-04 19:08:53 [restartedMain] DEBUG org.hibernate.SQL - 
    select
        b1_0.id,
        b1_0.active,
        b1_0.created_at,
        b1_0.description,
        b1_0.logo_url,
        b1_0.name,
        b1_0.updated_at 
    from
        brands b1_0 
    where
        b1_0.name=?
2026-06-04 19:08:53 [restartedMain] DEBUG org.hibernate.SQL - 
    select
        b1_0.id,
        b1_0.active,
        b1_0.created_at,
        b1_0.description,
        b1_0.logo_url,
        b1_0.name,
        b1_0.updated_at 
    from
        brands b1_0 
    where
        b1_0.name=?
2026-06-04 19:08:53 [restartedMain] DEBUG org.hibernate.SQL - 
    select
        b1_0.id,
        b1_0.active,
        b1_0.created_at,
        b1_0.description,
        b1_0.logo_url,
        b1_0.name,
        b1_0.updated_at 
    from
        brands b1_0 
    where
        b1_0.name=?
2026-06-04 19:08:53 [restartedMain] DEBUG org.hibernate.SQL - 
    select
        b1_0.id,
        b1_0.active,
        b1_0.created_at,
        b1_0.description,
        b1_0.logo_url,
        b1_0.name,
        b1_0.updated_at 
    from
        brands b1_0 
    where
        b1_0.name=?
2026-06-04 19:08:53 [restartedMain] DEBUG org.hibernate.SQL - 
    select
        b1_0.id,
        b1_0.active,
        b1_0.created_at,
        b1_0.description,
        b1_0.logo_url,
        b1_0.name,
        b1_0.updated_at 
    from
        brands b1_0 
    where
        b1_0.name=?
2026-06-04 19:08:53 [restartedMain] INFO  c.s.b.initializer.DataInitializer - Hoàn thành Brands - Đã tạo mới: 0
2026-06-04 19:08:53 [restartedMain] DEBUG org.hibernate.SQL - 
    select
        u1_0.id,
        u1_0.address,
        u1_0.created_at,
        u1_0.email,
        u1_0.enabled,
        u1_0.full_name,
        u1_0.password,
        u1_0.phone,
        u1_0.username 
    from
        users u1_0 
    where
        u1_0.username=?
2026-06-04 19:08:53 [restartedMain] DEBUG org.hibernate.SQL - 
    select
        r1_0.id,
        r1_0.description,
        r1_0.name 
    from
        roles r1_0 
    where
        r1_0.name=?
2026-06-04 19:08:54 [restartedMain] DEBUG org.hibernate.SQL - 
    select
        u1_0.role_id,
        u1_1.id,
        u1_1.address,
        u1_1.created_at,
        u1_1.email,
        u1_1.enabled,
        u1_1.full_name,
        u1_1.password,
        u1_1.phone,
        u1_1.username 
    from
        user_roles u1_0 
    join
        users u1_1 
            on u1_1.id=u1_0.user_id 
    where
        u1_0.role_id=?
2026-06-04 19:08:54 [restartedMain] DEBUG org.hibernate.SQL - 
    select
        c1_0.id,
        c1_0.updated_at,
        c1_0.user_id 
    from
        carts c1_0 
    where
        c1_0.user_id=?
2026-06-04 19:08:54 [restartedMain] DEBUG org.hibernate.SQL - 
    select
        r1_0.user_id,
        r1_1.id,
        r1_1.description,
        r1_1.name 
    from
        user_roles r1_0 
    join
        roles r1_1 
            on r1_1.id=r1_0.role_id 
    where
        r1_0.user_id=?
2026-06-04 19:08:54 [restartedMain] DEBUG org.hibernate.SQL - 
    insert 
    into
        users
        (address, created_at, email, enabled, full_name, password, phone, username) 
    values
        (?, ?, ?, ?, ?, ?, ?, ?)
2026-06-04 19:08:54 [restartedMain] INFO  c.s.b.initializer.DataInitializer - ========================================
2026-06-04 19:08:54 [restartedMain] INFO  c.s.b.initializer.DataInitializer - Đã tạo tài khoản ADMIN mặc định:
2026-06-04 19:08:54 [restartedMain] INFO  c.s.b.initializer.DataInitializer -   Username : admin
2026-06-04 19:08:54 [restartedMain] INFO  c.s.b.initializer.DataInitializer -   Password : Admin@123456
2026-06-04 19:08:54 [restartedMain] INFO  c.s.b.initializer.DataInitializer -   !! Hãy đổi mật khẩu sau khi đăng nhập lần đầu !!
2026-06-04 19:08:54 [restartedMain] INFO  c.s.b.initializer.DataInitializer - ========================================
2026-06-04 19:08:54 [restartedMain] INFO  c.s.b.initializer.DataInitializer - Hoàn thành khởi tạo tất cả dữ liệu mặc định.
2026-06-04 19:08:54 [restartedMain] DEBUG org.hibernate.SQL - 
    insert 
    into
        user_roles
        (user_id, role_id) 
    values
        (?, ?)
2026-06-04 19:09:01 [http-nio-8080-exec-1] INFO  o.a.c.c.C.[Tomcat].[localhost].[/] - Initializing Spring DispatcherServlet 'dispatcherServlet'
2026-06-04 19:09:01 [http-nio-8080-exec-1] INFO  o.s.web.servlet.DispatcherServlet - Initializing Servlet 'dispatcherServlet'
2026-06-04 19:09:01 [http-nio-8080-exec-1] INFO  o.s.web.servlet.DispatcherServlet - Completed initialization in 3 ms
2026-06-04 19:09:03 [http-nio-8080-exec-10] INFO  o.s.api.AbstractOpenApiResource - Init duration for springdoc-openapi is: 1371 ms
2026-06-04 19:13:20 [SpringApplicationShutdownHook] INFO  o.s.o.j.LocalContainerEntityManagerFactoryBean - Closing JPA EntityManagerFactory for persistence unit 'default'
2026-06-04 19:13:20 [SpringApplicationShutdownHook] INFO  com.zaxxer.hikari.HikariDataSource - HikariPool-1 - Shutdown initiated...
2026-06-04 19:13:20 [SpringApplicationShutdownHook] INFO  com.zaxxer.hikari.HikariDataSource - HikariPool-1 - Shutdown completed.
